Determining if the pthread_create exist failed with the following output:
Change Dir: /home/seed/ros/kinetic/src/seed_r7_ros_pkg/seed_r7_robot_interface/obj-x86_64-linux-gnu/CMakeFiles/CMakeTmp

Run Build Command:"/usr/bin/make" "cmTC_43b17/fast"
make[2]: ディレクトリ '/home/seed/ros/kinetic/src/seed_r7_ros_pkg/seed_r7_robot_interface/obj-x86_64-linux-gnu/CMakeFiles/CMakeTmp' に入ります
/usr/bin/make -f CMakeFiles/cmTC_43b17.dir/build.make CMakeFiles/cmTC_43b17.dir/build
make[3]: ディレクトリ '/home/seed/ros/kinetic/src/seed_r7_ros_pkg/seed_r7_robot_interface/obj-x86_64-linux-gnu/CMakeFiles/CMakeTmp' に入ります
Building C object CMakeFiles/cmTC_43b17.dir/CheckSymbolExists.c.o
/usr/bin/cc   -g -O2 -fstack-protector-strong -Wformat -Werror=format-security -Wdate-time -D_FORTIFY_SOURCE=2    -o CMakeFiles/cmTC_43b17.dir/CheckSymbolExists.c.o   -c /home/seed/ros/kinetic/src/seed_r7_ros_pkg/seed_r7_robot_interface/obj-x86_64-linux-gnu/CMakeFiles/CMakeTmp/CheckSymbolExists.c
Linking C executable cmTC_43b17
/usr/local/bin/cmake -E cmake_link_script CMakeFiles/cmTC_43b17.dir/link.txt --verbose=1
/usr/bin/cc -g -O2 -fstack-protector-strong -Wformat -Werror=format-security -Wdate-time -D_FORTIFY_SOURCE=2     -rdynamic CMakeFiles/cmTC_43b17.dir/CheckSymbolExists.c.o  -o cmTC_43b17 
CMakeFiles/cmTC_43b17.dir/CheckSymbolExists.c.o: 関数 `main' 内:
/home/seed/ros/kinetic/src/seed_r7_ros_pkg/seed_r7_robot_interface/obj-x86_64-linux-gnu/CMakeFiles/CMakeTmp/CheckSymbolExists.c:8: `pthread_create' に対する定義されていない参照です
collect2: error: ld returned 1 exit status
CMakeFiles/cmTC_43b17.dir/build.make:97: ターゲット 'cmTC_43b17' のレシピで失敗しました
make[3]: *** [cmTC_43b17] エラー 1
make[3]: ディレクトリ '/home/seed/ros/kinetic/src/seed_r7_ros_pkg/seed_r7_robot_interface/obj-x86_64-linux-gnu/CMakeFiles/CMakeTmp' から出ます
Makefile:126: ターゲット 'cmTC_43b17/fast' のレシピで失敗しました
make[2]: *** [cmTC_43b17/fast] エラー 2
make[2]: ディレクトリ '/home/seed/ros/kinetic/src/seed_r7_ros_pkg/seed_r7_robot_interface/obj-x86_64-linux-gnu/CMakeFiles/CMakeTmp' から出ます

File /home/seed/ros/kinetic/src/seed_r7_ros_pkg/seed_r7_robot_interface/obj-x86_64-linux-gnu/CMakeFiles/CMakeTmp/CheckSymbolExists.c:
/* */
#include <pthread.h>

int main(int argc, char** argv)
{
  (void)argv;
#ifndef pthread_create
  return ((int*)(&pthread_create))[argc];
#else
  (void)argc;
  return 0;
#endif
}

Determining if the function pthread_create exists in the pthreads failed with the following output:
Change Dir: /home/seed/ros/kinetic/src/seed_r7_ros_pkg/seed_r7_robot_interface/obj-x86_64-linux-gnu/CMakeFiles/CMakeTmp

Run Build Command:"/usr/bin/make" "cmTC_dc9d9/fast"
make[2]: ディレクトリ '/home/seed/ros/kinetic/src/seed_r7_ros_pkg/seed_r7_robot_interface/obj-x86_64-linux-gnu/CMakeFiles/CMakeTmp' に入ります
/usr/bin/make -f CMakeFiles/cmTC_dc9d9.dir/build.make CMakeFiles/cmTC_dc9d9.dir/build
make[3]: ディレクトリ '/home/seed/ros/kinetic/src/seed_r7_ros_pkg/seed_r7_robot_interface/obj-x86_64-linux-gnu/CMakeFiles/CMakeTmp' に入ります
Building C object CMakeFiles/cmTC_dc9d9.dir/CheckFunctionExists.c.o
/usr/bin/cc   -g -O2 -fstack-protector-strong -Wformat -Werror=format-security -Wdate-time -D_FORTIFY_SOURCE=2 -DCHECK_FUNCTION_EXISTS=pthread_create   -o CMakeFiles/cmTC_dc9d9.dir/CheckFunctionExists.c.o   -c /usr/local/share/cmake-3.10/Modules/CheckFunctionExists.c
Linking C executable cmTC_dc9d9
/usr/local/bin/cmake -E cmake_link_script CMakeFiles/cmTC_dc9d9.dir/link.txt --verbose=1
/usr/bin/cc -g -O2 -fstack-protector-strong -Wformat -Werror=format-security -Wdate-time -D_FORTIFY_SOURCE=2 -DCHECK_FUNCTION_EXISTS=pthread_create    -rdynamic CMakeFiles/cmTC_dc9d9.dir/CheckFunctionExists.c.o  -o cmTC_dc9d9 -lpthreads 
/usr/bin/ld: -lpthreads が見つかりません
collect2: error: ld returned 1 exit status
CMakeFiles/cmTC_dc9d9.dir/build.make:97: ターゲット 'cmTC_dc9d9' のレシピで失敗しました
make[3]: *** [cmTC_dc9d9] エラー 1
make[3]: ディレクトリ '/home/seed/ros/kinetic/src/seed_r7_ros_pkg/seed_r7_robot_interface/obj-x86_64-linux-gnu/CMakeFiles/CMakeTmp' から出ます
Makefile:126: ターゲット 'cmTC_dc9d9/fast' のレシピで失敗しました
make[2]: *** [cmTC_dc9d9/fast] エラー 2
make[2]: ディレクトリ '/home/seed/ros/kinetic/src/seed_r7_ros_pkg/seed_r7_robot_interface/obj-x86_64-linux-gnu/CMakeFiles/CMakeTmp' から出ます


