Determining if the pthread_create exist failed with the following output:
Change Dir: /home/seed/ros/kinetic/src/seed_r7_ros_pkg/seed_r7_description/obj-x86_64-linux-gnu/CMakeFiles/CMakeTmp

Run Build Command:"/usr/bin/make" "cmTC_30084/fast"
make[2]: ディレクトリ '/home/seed/ros/kinetic/src/seed_r7_ros_pkg/seed_r7_description/obj-x86_64-linux-gnu/CMakeFiles/CMakeTmp' に入ります
/usr/bin/make -f CMakeFiles/cmTC_30084.dir/build.make CMakeFiles/cmTC_30084.dir/build
make[3]: ディレクトリ '/home/seed/ros/kinetic/src/seed_r7_ros_pkg/seed_r7_description/obj-x86_64-linux-gnu/CMakeFiles/CMakeTmp' に入ります
Building C object CMakeFiles/cmTC_30084.dir/CheckSymbolExists.c.o
/usr/bin/cc   -g -O2 -fstack-protector-strong -Wformat -Werror=format-security -Wdate-time -D_FORTIFY_SOURCE=2    -o CMakeFiles/cmTC_30084.dir/CheckSymbolExists.c.o   -c /home/seed/ros/kinetic/src/seed_r7_ros_pkg/seed_r7_description/obj-x86_64-linux-gnu/CMakeFiles/CMakeTmp/CheckSymbolExists.c
Linking C executable cmTC_30084
/usr/local/bin/cmake -E cmake_link_script CMakeFiles/cmTC_30084.dir/link.txt --verbose=1
/usr/bin/cc -g -O2 -fstack-protector-strong -Wformat -Werror=format-security -Wdate-time -D_FORTIFY_SOURCE=2     -rdynamic CMakeFiles/cmTC_30084.dir/CheckSymbolExists.c.o  -o cmTC_30084 
CMakeFiles/cmTC_30084.dir/CheckSymbolExists.c.o: 関数 `main' 内:
/home/seed/ros/kinetic/src/seed_r7_ros_pkg/seed_r7_description/obj-x86_64-linux-gnu/CMakeFiles/CMakeTmp/CheckSymbolExists.c:8: `pthread_create' に対する定義されていない参照です
collect2: error: ld returned 1 exit status
CMakeFiles/cmTC_30084.dir/build.make:97: ターゲット 'cmTC_30084' のレシピで失敗しました
make[3]: *** [cmTC_30084] エラー 1
make[3]: ディレクトリ '/home/seed/ros/kinetic/src/seed_r7_ros_pkg/seed_r7_description/obj-x86_64-linux-gnu/CMakeFiles/CMakeTmp' から出ます
Makefile:126: ターゲット 'cmTC_30084/fast' のレシピで失敗しました
make[2]: *** [cmTC_30084/fast] エラー 2
make[2]: ディレクトリ '/home/seed/ros/kinetic/src/seed_r7_ros_pkg/seed_r7_description/obj-x86_64-linux-gnu/CMakeFiles/CMakeTmp' から出ます

File /home/seed/ros/kinetic/src/seed_r7_ros_pkg/seed_r7_description/obj-x86_64-linux-gnu/CMakeFiles/CMakeTmp/CheckSymbolExists.c:
/* */
#include <pthread.h>

int main(int argc, char** argv)
{
  (void)argv;
#ifndef pthread_create
  return ((int*)(&pthread_create))[argc];
#else
  (void)argc;
  return 0;
#endif
}

Determining if the function pthread_create exists in the pthreads failed with the following output:
Change Dir: /home/seed/ros/kinetic/src/seed_r7_ros_pkg/seed_r7_description/obj-x86_64-linux-gnu/CMakeFiles/CMakeTmp

Run Build Command:"/usr/bin/make" "cmTC_74aef/fast"
make[2]: ディレクトリ '/home/seed/ros/kinetic/src/seed_r7_ros_pkg/seed_r7_description/obj-x86_64-linux-gnu/CMakeFiles/CMakeTmp' に入ります
/usr/bin/make -f CMakeFiles/cmTC_74aef.dir/build.make CMakeFiles/cmTC_74aef.dir/build
make[3]: ディレクトリ '/home/seed/ros/kinetic/src/seed_r7_ros_pkg/seed_r7_description/obj-x86_64-linux-gnu/CMakeFiles/CMakeTmp' に入ります
Building C object CMakeFiles/cmTC_74aef.dir/CheckFunctionExists.c.o
/usr/bin/cc   -g -O2 -fstack-protector-strong -Wformat -Werror=format-security -Wdate-time -D_FORTIFY_SOURCE=2 -DCHECK_FUNCTION_EXISTS=pthread_create   -o CMakeFiles/cmTC_74aef.dir/CheckFunctionExists.c.o   -c /usr/local/share/cmake-3.10/Modules/CheckFunctionExists.c
Linking C executable cmTC_74aef
/usr/local/bin/cmake -E cmake_link_script CMakeFiles/cmTC_74aef.dir/link.txt --verbose=1
/usr/bin/cc -g -O2 -fstack-protector-strong -Wformat -Werror=format-security -Wdate-time -D_FORTIFY_SOURCE=2 -DCHECK_FUNCTION_EXISTS=pthread_create    -rdynamic CMakeFiles/cmTC_74aef.dir/CheckFunctionExists.c.o  -o cmTC_74aef -lpthreads 
/usr/bin/ld: -lpthreads が見つかりません
collect2: error: ld returned 1 exit status
CMakeFiles/cmTC_74aef.dir/build.make:97: ターゲット 'cmTC_74aef' のレシピで失敗しました
make[3]: *** [cmTC_74aef] エラー 1
make[3]: ディレクトリ '/home/seed/ros/kinetic/src/seed_r7_ros_pkg/seed_r7_description/obj-x86_64-linux-gnu/CMakeFiles/CMakeTmp' から出ます
Makefile:126: ターゲット 'cmTC_74aef/fast' のレシピで失敗しました
make[2]: *** [cmTC_74aef/fast] エラー 2
make[2]: ディレクトリ '/home/seed/ros/kinetic/src/seed_r7_ros_pkg/seed_r7_description/obj-x86_64-linux-gnu/CMakeFiles/CMakeTmp' から出ます


